buzzer ready
('Playing tune ', 3)
('Buzzer', 'finished')
lcd_blink 30s
genug geblinkt
buzzer ready
('Playing tune ', 3)
('Buzzer', 'finished')
buzzer ready
('Playing tune ', 3)
('Buzzer', 'finished')
lcd_blink 30s
genug geblinkt
buzzer ready
('Playing tune ', 3)
('Buzzer', 'finished')
lcd_blink 30s
genug geblinkt
lcd_blink 30s
genug geblinkt
buzzer ready
('Playing tune ', 3)
('Buzzer', 'finished')
lcd_blink 30s
genug geblinkt
buzzer ready
('Playing tune ', 3)
('Buzzer', 'finished')
lcd_blink 30s
genug geblinkt
buzzer ready
('Playing tune ', 3)
('Buzzer', 'finished')
buzzer ready
('Playing tune ', 3)
('Buzzer', 'finished')
lcd_blink 30s
genug geblinkt
buzzer ready
('Playing tune ', 3)
('Buzzer', 'finished')
lcd_blink 30s
genug geblinkt
lcd_blink 30s
genug geblinkt
buzzer ready
('Playing tune ', 3)
('Buzzer', 'finished')
lcd_blink 30s
genug geblinkt
buzzer ready
('Playing tune ', 3)
('Buzzer', 'finished')
lcd_blink 30s
genug geblinkt
buzzer ready
('Playing tune ', 3)
('Buzzer', 'finished')
buzzer ready
('Playing tune ', 3)
('Buzzer', 'finished')
buzzer ready
('Playing tune ', 3)
('Buzzer', 'finished')
lcd_blink 30s
genug geblinkt
lcd_blink 30s
genug geblinkt
lcd_blink 30s
genug geblinkt
buzzer ready
('Playing tune ', 3)
('Buzzer', 'finished')
buzzer ready
('Playing tune ', 3)
('Buzzer', 'finished')
lcd_blink 30s
genug geblinkt
buzzer ready
('Playing tune ', 3)
('Buzzer', 'finished')
lcd_blink 30s
genug geblinkt
lcd_blink 30s
genug geblinkt
buzzer ready
('Playing tune ', 3)
('Buzzer', 'finished')
lcd_blink 30s
genug geblinkt
buzzer ready
('Playing tune ', 3)
('Buzzer', 'finished')
lcd_blink 30s
genug geblinkt
buzzer ready
('Playing tune ', 3)
('Buzzer', 'finished')
lcd_blink 30s
genug geblinkt
buzzer ready
('Playing tune ', 3)
('Buzzer', 'finished')
buzzer ready
('Playing tune ', 3)
('Buzzer', 'finished')
buzzer ready
('Playing tune ', 3)
('Buzzer', 'finished')
buzzer ready
('Playing tune ', 3)
('Buzzer', 'finished')
buzzer ready
('Playing tune ', 3)
('Buzzer', 'finished')
buzzer ready
('Playing tune ', 3)
('Buzzer', 'finished')
lcd_blink 30s
genug geblinkt
lcd_blink 30s
genug geblinkt
buzzer ready
('Playing tune ', 3)
('Buzzer', 'finished')
lcd_blink 30s
genug geblinkt
lcd_blink 30s
genug geblinkt
python: can't open file '/home/pi/16x2_Display/display/__file__/buzzer3.py': [Errno 2] No such file or directory
lcd_blink 30s
genug geblinkt
buzzer ready
('Playing tune ', 1)
('Buzzer', 'finished')
lcd_blink 30s
genug geblinkt
buzzer ready
('Playing tune ', 1)
('Buzzer', 'finished')
lcd_blink 30s
genug geblinkt
buzzer ready
('Playing tune ', 1)
('Buzzer', 'finished')
lcd_blink 30s
genug geblinkt
buzzer ready
('Playing tune ', 1)
('Buzzer', 'finished')
lcd_blink 30s
genug geblinkt
buzzer ready
('Playing tune ', 1)
('Buzzer', 'finished')
lcd_blink 30s
genug geblinkt
buzzer ready
('Playing tune ', 1)
('Buzzer', 'finished')
lcd_blink 30s
genug geblinkt
buzzer ready
('Playing tune ', 1)
('Buzzer', 'finished')
lcd_blink 30s
genug geblinkt
buzzer ready
('Playing tune ', 1)
('Buzzer', 'finished')
lcd_blink 30s
genug geblinkt
buzzer ready
('Playing tune ', 1)
('Buzzer', 'finished')
lcd_blink 30s
genug geblinkt
